<?xml version="1.0" encoding="UTF-8"?>
<testsuite xmlns:xsi="http://www.w3.org/2001/XMLSchema-instance" xsi:noNamespaceSchemaLocation="https://maven.apache.org/surefire/maven-surefire-plugin/xsd/surefire-test-report-3.0.xsd" version="3.0" name="org.compsysmed.ocsana.internal.util.results.CombinationOfInterventionsTest" time="0.71" tests="1" errors="0" skipped="0" failures="0">
  <properties>
    <property name="gopherProxySet" value="false"/>
    <property name="awt.toolkit" value="sun.lwawt.macosx.LWCToolkit"/>
    <property name="java.specification.version" value="11"/>
    <property name="sun.cpu.isalist" value=""/>
    <property name="sun.jnu.encoding" value="UTF-8"/>
    <property name="java.class.path" value="/Users/laurenmarazzi/git/OCSANA-Plus_SourceCode/OCSANA_Plus/target/test-classes:/Users/laurenmarazzi/git/OCSANA-Plus_SourceCode/OCSANA_Plus/target/classes:/Users/laurenmarazzi/.m2/repository/org/osgi/org.osgi.core/6.0.0/org.osgi.core-6.0.0.jar:/Users/laurenmarazzi/.m2/repository/javax/xml/bind/jaxb-api/2.3.0/jaxb-api-2.3.0.jar:/Users/laurenmarazzi/.m2/repository/io/swagger/swagger-annotations/1.5.7/swagger-annotations-1.5.7.jar:/Users/laurenmarazzi/.m2/repository/com/sun/xml/bind/jaxb-core/2.3.0/jaxb-core-2.3.0.jar:/Users/laurenmarazzi/.m2/repository/com/sun/xml/bind/jaxb-impl/2.3.0/jaxb-impl-2.3.0.jar:/Users/laurenmarazzi/.m2/repository/org/cytoscape/service-api/3.8.0/service-api-3.8.0.jar:/Users/laurenmarazzi/.m2/repository/org/cytoscape/application-api/3.8.0/application-api-3.8.0.jar:/Users/laurenmarazzi/.m2/repository/org/cytoscape/viewmodel-api/3.8.0/viewmodel-api-3.8.0.jar:/Users/laurenmarazzi/.m2/repository/org/cytoscape/presentation-api/3.8.0/presentation-api-3.8.0.jar:/Users/laurenmarazzi/.m2/repository/org/cytoscape/swing-application-api/3.8.0/swing-application-api-3.8.0.jar:/Users/laurenmarazzi/.m2/repository/org/cytoscape/work-api/3.8.0/work-api-3.8.0.jar:/Users/laurenmarazzi/.m2/repository/org/cytoscape/work-swing-api/3.8.0/work-swing-api-3.8.0.jar:/Users/laurenmarazzi/.m2/repository/javax/help/javahelp/2.0.05/javahelp-2.0.05.jar:/Users/laurenmarazzi/.m2/repository/org/cytoscape/swing-util-api/3.8.0/swing-util-api-3.8.0.jar:/Users/laurenmarazzi/.m2/repository/org/cytoscape/util-api/3.8.0/util-api-3.8.0.jar:/Users/laurenmarazzi/.m2/repository/org/cytoscape/session-api/3.8.0/session-api-3.8.0.jar:/Users/laurenmarazzi/.m2/repository/org/cytoscape/vizmap-api/3.8.0/vizmap-api-3.8.0.jar:/Users/laurenmarazzi/.m2/repository/org/cytoscape/property-api/3.8.0/property-api-3.8.0.jar:/Users/laurenmarazzi/.m2/repository/org/cytoscape/core-task-api/3.8.0/core-task-api-3.8.0.jar:/Users/laurenmarazzi/.m2/repository/org/cytoscape/io-api/3.8.0/io-api-3.8.0.jar:/Users/laurenmarazzi/.m2/repository/org/cytoscape/filter-api/3.8.0/filter-api-3.8.0.jar:/Users/laurenmarazzi/.m2/repository/org/cytoscape/model-api/3.8.0/model-api-3.8.0.jar:/Users/laurenmarazzi/.m2/repository/org/cytoscape/event-api/3.8.0/event-api-3.8.0.jar:/Users/laurenmarazzi/.m2/repository/org/json/json/20171018/json-20171018.jar:/Users/laurenmarazzi/.m2/repository/org/la4j/la4j/0.6.0/la4j-0.6.0.jar:/Users/laurenmarazzi/.m2/repository/com/mitchellbosecke/pebble/2.2.1/pebble-2.2.1.jar:/Users/laurenmarazzi/.m2/repository/com/google/guava/guava/16.0.1/guava-16.0.1.jar:/Users/laurenmarazzi/.m2/repository/com/coverity/security/coverity-escapers/1.1/coverity-escapers-1.1.jar:/Users/laurenmarazzi/.m2/repository/junit/junit/4.13/junit-4.13.jar:/Users/laurenmarazzi/.m2/repository/org/hamcrest/hamcrest-core/1.3/hamcrest-core-1.3.jar:/Users/laurenmarazzi/.m2/repository/org/mockito/mockito-core/3.2.4/mockito-core-3.2.4.jar:/Users/laurenmarazzi/.m2/repository/net/bytebuddy/byte-buddy/1.10.5/byte-buddy-1.10.5.jar:/Users/laurenmarazzi/.m2/repository/net/bytebuddy/byte-buddy-agent/1.10.5/byte-buddy-agent-1.10.5.jar:/Users/laurenmarazzi/.m2/repository/org/objenesis/objenesis/2.6/objenesis-2.6.jar:/Users/laurenmarazzi/.m2/repository/org/slf4j/slf4j-api/1.7.25/slf4j-api-1.7.25.jar:/Users/laurenmarazzi/.m2/repository/org/cytoscape/model-impl/3.8.0/model-impl-3.8.0-tests.jar:/Users/laurenmarazzi/.m2/repository/it/unimi/dsi/fastutil/8.1.0/fastutil-8.1.0.jar:/Users/laurenmarazzi/.m2/repository/org/cytoscape/equations-api/3.8.0/equations-api-3.8.0.jar:/Users/laurenmarazzi/.m2/repository/org/cytoscape/app-api/3.8.0/app-api-3.8.0.jar:/Users/laurenmarazzi/.m2/repository/org/cytoscape/group-api/3.8.0/group-api-3.8.0.jar:/Users/laurenmarazzi/.m2/repository/org/cytoscape/layout-api/3.8.0/layout-api-3.8.0.jar:/Users/laurenmarazzi/.m2/repository/org/cytoscape/jobs-api/3.8.0/jobs-api-3.8.0.jar:/Users/laurenmarazzi/.m2/repository/org/cytoscape/webservice-api/3.8.0/webservice-api-3.8.0.jar:/Users/laurenmarazzi/.m2/repository/org/cytoscape/datasource-api/3.8.0/datasource-api-3.8.0.jar:/Users/laurenmarazzi/.m2/repository/org/cytoscape/command-executor-api/3.8.0/command-executor-api-3.8.0.jar:/Users/laurenmarazzi/.m2/repository/org/cytoscape/equations-impl/3.8.0/equations-impl-3.8.0.jar:/Users/laurenmarazzi/.m2/repository/cytoscape-temp/parallelcolt/0.9.4/parallelcolt-0.9.4.jar:/Users/laurenmarazzi/.m2/repository/com/sun/activation/javax.activation/1.2.0/javax.activation-1.2.0.jar:/Users/laurenmarazzi/.m2/repository/org/cytoscape/model-impl/3.8.0/model-impl-3.8.0.jar:/Users/laurenmarazzi/.m2/repository/org/cytoscape/event-api/3.8.0/event-api-3.8.0-tests.jar:/Users/laurenmarazzi/.m2/repository/org/lappsgrid/pycaller/0.1.1/pycaller-0.1.1.jar:/Users/laurenmarazzi/.m2/repository/org/spark-project/pyrolite/2.0.1/pyrolite-2.0.1.jar:/Users/laurenmarazzi/.m2/repository/org/slf4j/slf4j-simple/1.6.4/slf4j-simple-1.6.4.jar:/Users/laurenmarazzi/.m2/repository/com/googlecode/efficient-java-matrix-library/ejml/0.25/ejml-0.25.jar:"/>
    <property name="java.vm.vendor" value="Oracle Corporation"/>
    <property name="sun.arch.data.model" value="64"/>
    <property name="java.vendor.url" value="https://openjdk.java.net/"/>
    <property name="user.timezone" value=""/>
    <property name="java.vm.specification.version" value="11"/>
    <property name="os.name" value="Mac OS X"/>
    <property name="sun.java.launcher" value="SUN_STANDARD"/>
    <property name="user.country" value="US"/>
    <property name="sun.boot.library.path" value="/Library/Java/JavaVirtualMachines/jdk-11.0.8.jdk/Contents/Home/lib"/>
    <property name="sun.java.command" value="/Users/laurenmarazzi/git/OCSANA-Plus_SourceCode/OCSANA_Plus/target/surefire/surefirebooter8237477053990023051.jar /Users/laurenmarazzi/git/OCSANA-Plus_SourceCode/OCSANA_Plus/target/surefire 2021-08-02T14-15-46_728-jvmRun1 surefire2071953421961306609tmp surefire_09870539013145451880tmp"/>
    <property name="http.nonProxyHosts" value="local|*.local|169.254/16|*.169.254/16"/>
    <property name="jdk.debug" value="release"/>
    <property name="surefire.test.class.path" value="/Users/laurenmarazzi/git/OCSANA-Plus_SourceCode/OCSANA_Plus/target/test-classes:/Users/laurenmarazzi/git/OCSANA-Plus_SourceCode/OCSANA_Plus/target/classes:/Users/laurenmarazzi/.m2/repository/org/osgi/org.osgi.core/6.0.0/org.osgi.core-6.0.0.jar:/Users/laurenmarazzi/.m2/repository/javax/xml/bind/jaxb-api/2.3.0/jaxb-api-2.3.0.jar:/Users/laurenmarazzi/.m2/repository/io/swagger/swagger-annotations/1.5.7/swagger-annotations-1.5.7.jar:/Users/laurenmarazzi/.m2/repository/com/sun/xml/bind/jaxb-core/2.3.0/jaxb-core-2.3.0.jar:/Users/laurenmarazzi/.m2/repository/com/sun/xml/bind/jaxb-impl/2.3.0/jaxb-impl-2.3.0.jar:/Users/laurenmarazzi/.m2/repository/org/cytoscape/service-api/3.8.0/service-api-3.8.0.jar:/Users/laurenmarazzi/.m2/repository/org/cytoscape/application-api/3.8.0/application-api-3.8.0.jar:/Users/laurenmarazzi/.m2/repository/org/cytoscape/viewmodel-api/3.8.0/viewmodel-api-3.8.0.jar:/Users/laurenmarazzi/.m2/repository/org/cytoscape/presentation-api/3.8.0/presentation-api-3.8.0.jar:/Users/laurenmarazzi/.m2/repository/org/cytoscape/swing-application-api/3.8.0/swing-application-api-3.8.0.jar:/Users/laurenmarazzi/.m2/repository/org/cytoscape/work-api/3.8.0/work-api-3.8.0.jar:/Users/laurenmarazzi/.m2/repository/org/cytoscape/work-swing-api/3.8.0/work-swing-api-3.8.0.jar:/Users/laurenmarazzi/.m2/repository/javax/help/javahelp/2.0.05/javahelp-2.0.05.jar:/Users/laurenmarazzi/.m2/repository/org/cytoscape/swing-util-api/3.8.0/swing-util-api-3.8.0.jar:/Users/laurenmarazzi/.m2/repository/org/cytoscape/util-api/3.8.0/util-api-3.8.0.jar:/Users/laurenmarazzi/.m2/repository/org/cytoscape/session-api/3.8.0/session-api-3.8.0.jar:/Users/laurenmarazzi/.m2/repository/org/cytoscape/vizmap-api/3.8.0/vizmap-api-3.8.0.jar:/Users/laurenmarazzi/.m2/repository/org/cytoscape/property-api/3.8.0/property-api-3.8.0.jar:/Users/laurenmarazzi/.m2/repository/org/cytoscape/core-task-api/3.8.0/core-task-api-3.8.0.jar:/Users/laurenmarazzi/.m2/repository/org/cytoscape/io-api/3.8.0/io-api-3.8.0.jar:/Users/laurenmarazzi/.m2/repository/org/cytoscape/filter-api/3.8.0/filter-api-3.8.0.jar:/Users/laurenmarazzi/.m2/repository/org/cytoscape/model-api/3.8.0/model-api-3.8.0.jar:/Users/laurenmarazzi/.m2/repository/org/cytoscape/event-api/3.8.0/event-api-3.8.0.jar:/Users/laurenmarazzi/.m2/repository/org/json/json/20171018/json-20171018.jar:/Users/laurenmarazzi/.m2/repository/org/la4j/la4j/0.6.0/la4j-0.6.0.jar:/Users/laurenmarazzi/.m2/repository/com/mitchellbosecke/pebble/2.2.1/pebble-2.2.1.jar:/Users/laurenmarazzi/.m2/repository/com/google/guava/guava/16.0.1/guava-16.0.1.jar:/Users/laurenmarazzi/.m2/repository/com/coverity/security/coverity-escapers/1.1/coverity-escapers-1.1.jar:/Users/laurenmarazzi/.m2/repository/junit/junit/4.13/junit-4.13.jar:/Users/laurenmarazzi/.m2/repository/org/hamcrest/hamcrest-core/1.3/hamcrest-core-1.3.jar:/Users/laurenmarazzi/.m2/repository/org/mockito/mockito-core/3.2.4/mockito-core-3.2.4.jar:/Users/laurenmarazzi/.m2/repository/net/bytebuddy/byte-buddy/1.10.5/byte-buddy-1.10.5.jar:/Users/laurenmarazzi/.m2/repository/net/bytebuddy/byte-buddy-agent/1.10.5/byte-buddy-agent-1.10.5.jar:/Users/laurenmarazzi/.m2/repository/org/objenesis/objenesis/2.6/objenesis-2.6.jar:/Users/laurenmarazzi/.m2/repository/org/slf4j/slf4j-api/1.7.25/slf4j-api-1.7.25.jar:/Users/laurenmarazzi/.m2/repository/org/cytoscape/model-impl/3.8.0/model-impl-3.8.0-tests.jar:/Users/laurenmarazzi/.m2/repository/it/unimi/dsi/fastutil/8.1.0/fastutil-8.1.0.jar:/Users/laurenmarazzi/.m2/repository/org/cytoscape/equations-api/3.8.0/equations-api-3.8.0.jar:/Users/laurenmarazzi/.m2/repository/org/cytoscape/app-api/3.8.0/app-api-3.8.0.jar:/Users/laurenmarazzi/.m2/repository/org/cytoscape/group-api/3.8.0/group-api-3.8.0.jar:/Users/laurenmarazzi/.m2/repository/org/cytoscape/layout-api/3.8.0/layout-api-3.8.0.jar:/Users/laurenmarazzi/.m2/repository/org/cytoscape/jobs-api/3.8.0/jobs-api-3.8.0.jar:/Users/laurenmarazzi/.m2/repository/org/cytoscape/webservice-api/3.8.0/webservice-api-3.8.0.jar:/Users/laurenmarazzi/.m2/repository/org/cytoscape/datasource-api/3.8.0/datasource-api-3.8.0.jar:/Users/laurenmarazzi/.m2/repository/org/cytoscape/command-executor-api/3.8.0/command-executor-api-3.8.0.jar:/Users/laurenmarazzi/.m2/repository/org/cytoscape/equations-impl/3.8.0/equations-impl-3.8.0.jar:/Users/laurenmarazzi/.m2/repository/cytoscape-temp/parallelcolt/0.9.4/parallelcolt-0.9.4.jar:/Users/laurenmarazzi/.m2/repository/com/sun/activation/javax.activation/1.2.0/javax.activation-1.2.0.jar:/Users/laurenmarazzi/.m2/repository/org/cytoscape/model-impl/3.8.0/model-impl-3.8.0.jar:/Users/laurenmarazzi/.m2/repository/org/cytoscape/event-api/3.8.0/event-api-3.8.0-tests.jar:/Users/laurenmarazzi/.m2/repository/org/lappsgrid/pycaller/0.1.1/pycaller-0.1.1.jar:/Users/laurenmarazzi/.m2/repository/org/spark-project/pyrolite/2.0.1/pyrolite-2.0.1.jar:/Users/laurenmarazzi/.m2/repository/org/slf4j/slf4j-simple/1.6.4/slf4j-simple-1.6.4.jar:/Users/laurenmarazzi/.m2/repository/com/googlecode/efficient-java-matrix-library/ejml/0.25/ejml-0.25.jar:"/>
    <property name="sun.cpu.endian" value="little"/>
    <property name="user.home" value="/Users/laurenmarazzi"/>
    <property name="user.language" value="en"/>
    <property name="java.specification.vendor" value="Oracle Corporation"/>
    <property name="java.version.date" value="2020-07-14"/>
    <property name="java.home" value="/Library/Java/JavaVirtualMachines/jdk-11.0.8.jdk/Contents/Home"/>
    <property name="file.separator" value="/"/>
    <property name="basedir" value="/Users/laurenmarazzi/git/OCSANA-Plus_SourceCode/OCSANA_Plus"/>
    <property name="java.vm.compressedOopsMode" value="Zero based"/>
    <property name="line.separator" value="&#10;"/>
    <property name="java.specification.name" value="Java Platform API Specification"/>
    <property name="java.vm.specification.vendor" value="Oracle Corporation"/>
    <property name="java.awt.graphicsenv" value="sun.awt.CGraphicsEnvironment"/>
    <property name="surefire.real.class.path" value="/Users/laurenmarazzi/git/OCSANA-Plus_SourceCode/OCSANA_Plus/target/surefire/surefirebooter8237477053990023051.jar"/>
    <property name="sun.management.compiler" value="HotSpot 64-Bit Tiered Compilers"/>
    <property name="ftp.nonProxyHosts" value="local|*.local|169.254/16|*.169.254/16"/>
    <property name="java.runtime.version" value="11.0.8+10-LTS"/>
    <property name="user.name" value="laurenmarazzi"/>
    <property name="path.separator" value=":"/>
    <property name="os.version" value="10.16"/>
    <property name="java.runtime.name" value="Java(TM) SE Runtime Environment"/>
    <property name="file.encoding" value="UTF-8"/>
    <property name="java.vm.name" value="Java HotSpot(TM) 64-Bit Server VM"/>
    <property name="java.vendor.version" value="18.9"/>
    <property name="localRepository" value="/Users/laurenmarazzi/.m2/repository"/>
    <property name="java.vendor.url.bug" value="https://bugreport.java.com/bugreport/"/>
    <property name="java.io.tmpdir" value="/var/folders/3j/xjw15pjn28lgrn6y_t1vhn_r0000gn/T/"/>
    <property name="java.version" value="11.0.8"/>
    <property name="user.dir" value="/Users/laurenmarazzi/git/OCSANA-Plus_SourceCode/OCSANA_Plus"/>
    <property name="os.arch" value="x86_64"/>
    <property name="java.vm.specification.name" value="Java Virtual Machine Specification"/>
    <property name="java.awt.printerjob" value="sun.lwawt.macosx.CPrinterJob"/>
    <property name="sun.os.patch.level" value="unknown"/>
    <property name="java.library.path" value="/Users/laurenmarazzi/Library/Java/Extensions:/Library/Java/Extensions:/Network/Library/Java/Extensions:/System/Library/Java/Extensions:/usr/lib/java:."/>
    <property name="java.vendor" value="Oracle Corporation"/>
    <property name="java.vm.info" value="mixed mode"/>
    <property name="java.vm.version" value="11.0.8+10-LTS"/>
    <property name="sun.io.unicode.encoding" value="UnicodeBig"/>
    <property name="java.class.version" value="55.0"/>
    <property name="socksNonProxyHosts" value="local|*.local|169.254/16|*.169.254/16"/>
  </properties>
  <testcase name="constructorShouldWork" classname="org.compsysmed.ocsana.internal.util.results.CombinationOfInterventionsTest" time="0.71"/>
</testsuite>