<?xml version="1.0" encoding="UTF-8"?>
<testsuite xmlns:xsi="http://www.w3.org/2001/XMLSchema-instance" xsi:noNamespaceSchemaLocation="https://maven.apache.org/surefire/maven-surefire-plugin/xsd/surefire-test-report.xsd" name="org.compsysmed.ocsana.internal.algorithms.mhs.BergeAlgorithmTest" time="3.179" tests="2" errors="0" skipped="0" failures="0">
  <properties>
    <property name="sun.desktop" value="windows"/>
    <property name="awt.toolkit" value="sun.awt.windows.WToolkit"/>
    <property name="file.encoding.pkg" value="sun.io"/>
    <property name="java.specification.version" value="1.8"/>
    <property name="sun.cpu.isalist" value="amd64"/>
    <property name="sun.jnu.encoding" value="Cp1252"/>
    <property name="java.class.path" value="C:\Users\marazzi\Documents\GitHub\OCSANA_Lauren\target\test-classes;C:\Users\marazzi\Documents\GitHub\OCSANA_Lauren\target\classes;C:\Users\marazzi\.m2\repository\org\osgi\org.osgi.core\4.3.0\org.osgi.core-4.3.0.jar;C:\Users\marazzi\.m2\repository\org\cytoscape\service-api\3.6.0\service-api-3.6.0.jar;C:\Users\marazzi\.m2\repository\org\cytoscape\application-api\3.6.0\application-api-3.6.0.jar;C:\Users\marazzi\.m2\repository\org\cytoscape\viewmodel-api\3.6.0\viewmodel-api-3.6.0.jar;C:\Users\marazzi\.m2\repository\org\cytoscape\presentation-api\3.6.0\presentation-api-3.6.0.jar;C:\Users\marazzi\.m2\repository\org\cytoscape\swing-application-api\3.6.0\swing-application-api-3.6.0.jar;C:\Users\marazzi\.m2\repository\org\cytoscape\work-api\3.6.0\work-api-3.6.0.jar;C:\Users\marazzi\.m2\repository\org\cytoscape\work-swing-api\3.6.0\work-swing-api-3.6.0.jar;C:\Users\marazzi\.m2\repository\org\cytoscape\swing-util-api\3.6.0\swing-util-api-3.6.0.jar;C:\Users\marazzi\.m2\repository\org\cytoscape\session-api\3.6.0\session-api-3.6.0.jar;C:\Users\marazzi\.m2\repository\org\cytoscape\vizmap-api\3.6.0\vizmap-api-3.6.0.jar;C:\Users\marazzi\.m2\repository\org\cytoscape\property-api\3.6.0\property-api-3.6.0.jar;C:\Users\marazzi\.m2\repository\org\cytoscape\core-task-api\3.6.0\core-task-api-3.6.0.jar;C:\Users\marazzi\.m2\repository\org\cytoscape\io-api\3.6.0\io-api-3.6.0.jar;C:\Users\marazzi\.m2\repository\org\cytoscape\filter-api\3.6.0\filter-api-3.6.0.jar;C:\Users\marazzi\.m2\repository\org\cytoscape\model-api\3.6.0\model-api-3.6.0.jar;C:\Users\marazzi\.m2\repository\org\cytoscape\event-api\3.6.0\event-api-3.6.0.jar;C:\Users\marazzi\.m2\repository\org\json\json\20171018\json-20171018.jar;C:\Users\marazzi\.m2\repository\org\la4j\la4j\0.6.0\la4j-0.6.0.jar;C:\Users\marazzi\.m2\repository\com\mitchellbosecke\pebble\2.2.1\pebble-2.2.1.jar;C:\Users\marazzi\.m2\repository\com\google\guava\guava\16.0.1\guava-16.0.1.jar;C:\Users\marazzi\.m2\repository\com\coverity\security\coverity-escapers\1.1\coverity-escapers-1.1.jar;C:\Users\marazzi\.m2\repository\junit\junit\4.12\junit-4.12.jar;C:\Users\marazzi\.m2\repository\org\hamcrest\hamcrest-core\1.3\hamcrest-core-1.3.jar;C:\Users\marazzi\.m2\repository\org\mockito\mockito-all\1.10.19\mockito-all-1.10.19.jar;C:\Users\marazzi\.m2\repository\org\slf4j\slf4j-api\1.7.25\slf4j-api-1.7.25.jar;C:\Users\marazzi\.m2\repository\org\cytoscape\model-impl\3.6.0\model-impl-3.6.0-tests.jar;C:\Users\marazzi\.m2\repository\org\cytoscape\equations-api\3.6.0\equations-api-3.6.0.jar;C:\Users\marazzi\.m2\repository\org\cytoscape\app-api\3.6.0\app-api-3.6.0.jar;C:\Users\marazzi\.m2\repository\org\cytoscape\group-api\3.6.0\group-api-3.6.0.jar;C:\Users\marazzi\.m2\repository\org\cytoscape\layout-api\3.6.0\layout-api-3.6.0.jar;C:\Users\marazzi\.m2\repository\org\cytoscape\jobs-api\3.6.0\jobs-api-3.6.0.jar;C:\Users\marazzi\.m2\repository\org\cytoscape\webservice-api\3.6.0\webservice-api-3.6.0.jar;C:\Users\marazzi\.m2\repository\org\cytoscape\datasource-api\3.6.0\datasource-api-3.6.0.jar;C:\Users\marazzi\.m2\repository\org\cytoscape\command-executor-api\3.6.0\command-executor-api-3.6.0.jar;C:\Users\marazzi\.m2\repository\org\cytoscape\equations-impl\3.6.0\equations-impl-3.6.0.jar;C:\Users\marazzi\.m2\repository\cytoscape-temp\parallelcolt\0.9.4\parallelcolt-0.9.4.jar;C:\Users\marazzi\.m2\repository\org\cytoscape\model-impl\3.6.0\model-impl-3.6.0.jar;C:\Users\marazzi\.m2\repository\org\cytoscape\event-api\3.6.0\event-api-3.6.0-tests.jar;C:\Users\marazzi\.m2\repository\org\lappsgrid\pycaller\0.1.1\pycaller-0.1.1.jar;C:\Users\marazzi\.m2\repository\org\spark-project\pyrolite\2.0.1\pyrolite-2.0.1.jar;C:\Users\marazzi\.m2\repository\org\slf4j\slf4j-simple\1.6.4\slf4j-simple-1.6.4.jar;C:\Users\marazzi\.m2\repository\com\googlecode\efficient-java-matrix-library\ejml\0.25\ejml-0.25.jar;"/>
    <property name="java.vm.vendor" value="Oracle Corporation"/>
    <property name="sun.arch.data.model" value="64"/>
    <property name="user.variant" value=""/>
    <property name="java.vendor.url" value="http://java.oracle.com/"/>
    <property name="user.timezone" value=""/>
    <property name="java.vm.specification.version" value="1.8"/>
    <property name="os.name" value="Windows 10"/>
    <property name="user.country" value="US"/>
    <property name="sun.java.launcher" value="SUN_STANDARD"/>
    <property name="sun.boot.library.path" value="C:\Program Files\Java\jdk1.8.0_144\jre\bin"/>
    <property name="sun.java.command" value="C:\Users\marazzi\AppData\Local\Temp\surefire8820642885928877140\surefirebooter4402762638740837863.jar C:\Users\marazzi\AppData\Local\Temp\surefire8820642885928877140 2019-09-04T08-41-18_946-jvmRun1 surefire2129183623175616860tmp surefire_04869177673475370402tmp"/>
    <property name="surefire.test.class.path" value="C:\Users\marazzi\Documents\GitHub\OCSANA_Lauren\target\test-classes;C:\Users\marazzi\Documents\GitHub\OCSANA_Lauren\target\classes;C:\Users\marazzi\.m2\repository\org\osgi\org.osgi.core\4.3.0\org.osgi.core-4.3.0.jar;C:\Users\marazzi\.m2\repository\org\cytoscape\service-api\3.6.0\service-api-3.6.0.jar;C:\Users\marazzi\.m2\repository\org\cytoscape\application-api\3.6.0\application-api-3.6.0.jar;C:\Users\marazzi\.m2\repository\org\cytoscape\viewmodel-api\3.6.0\viewmodel-api-3.6.0.jar;C:\Users\marazzi\.m2\repository\org\cytoscape\presentation-api\3.6.0\presentation-api-3.6.0.jar;C:\Users\marazzi\.m2\repository\org\cytoscape\swing-application-api\3.6.0\swing-application-api-3.6.0.jar;C:\Users\marazzi\.m2\repository\org\cytoscape\work-api\3.6.0\work-api-3.6.0.jar;C:\Users\marazzi\.m2\repository\org\cytoscape\work-swing-api\3.6.0\work-swing-api-3.6.0.jar;C:\Users\marazzi\.m2\repository\org\cytoscape\swing-util-api\3.6.0\swing-util-api-3.6.0.jar;C:\Users\marazzi\.m2\repository\org\cytoscape\session-api\3.6.0\session-api-3.6.0.jar;C:\Users\marazzi\.m2\repository\org\cytoscape\vizmap-api\3.6.0\vizmap-api-3.6.0.jar;C:\Users\marazzi\.m2\repository\org\cytoscape\property-api\3.6.0\property-api-3.6.0.jar;C:\Users\marazzi\.m2\repository\org\cytoscape\core-task-api\3.6.0\core-task-api-3.6.0.jar;C:\Users\marazzi\.m2\repository\org\cytoscape\io-api\3.6.0\io-api-3.6.0.jar;C:\Users\marazzi\.m2\repository\org\cytoscape\filter-api\3.6.0\filter-api-3.6.0.jar;C:\Users\marazzi\.m2\repository\org\cytoscape\model-api\3.6.0\model-api-3.6.0.jar;C:\Users\marazzi\.m2\repository\org\cytoscape\event-api\3.6.0\event-api-3.6.0.jar;C:\Users\marazzi\.m2\repository\org\json\json\20171018\json-20171018.jar;C:\Users\marazzi\.m2\repository\org\la4j\la4j\0.6.0\la4j-0.6.0.jar;C:\Users\marazzi\.m2\repository\com\mitchellbosecke\pebble\2.2.1\pebble-2.2.1.jar;C:\Users\marazzi\.m2\repository\com\google\guava\guava\16.0.1\guava-16.0.1.jar;C:\Users\marazzi\.m2\repository\com\coverity\security\coverity-escapers\1.1\coverity-escapers-1.1.jar;C:\Users\marazzi\.m2\repository\junit\junit\4.12\junit-4.12.jar;C:\Users\marazzi\.m2\repository\org\hamcrest\hamcrest-core\1.3\hamcrest-core-1.3.jar;C:\Users\marazzi\.m2\repository\org\mockito\mockito-all\1.10.19\mockito-all-1.10.19.jar;C:\Users\marazzi\.m2\repository\org\slf4j\slf4j-api\1.7.25\slf4j-api-1.7.25.jar;C:\Users\marazzi\.m2\repository\org\cytoscape\model-impl\3.6.0\model-impl-3.6.0-tests.jar;C:\Users\marazzi\.m2\repository\org\cytoscape\equations-api\3.6.0\equations-api-3.6.0.jar;C:\Users\marazzi\.m2\repository\org\cytoscape\app-api\3.6.0\app-api-3.6.0.jar;C:\Users\marazzi\.m2\repository\org\cytoscape\group-api\3.6.0\group-api-3.6.0.jar;C:\Users\marazzi\.m2\repository\org\cytoscape\layout-api\3.6.0\layout-api-3.6.0.jar;C:\Users\marazzi\.m2\repository\org\cytoscape\jobs-api\3.6.0\jobs-api-3.6.0.jar;C:\Users\marazzi\.m2\repository\org\cytoscape\webservice-api\3.6.0\webservice-api-3.6.0.jar;C:\Users\marazzi\.m2\repository\org\cytoscape\datasource-api\3.6.0\datasource-api-3.6.0.jar;C:\Users\marazzi\.m2\repository\org\cytoscape\command-executor-api\3.6.0\command-executor-api-3.6.0.jar;C:\Users\marazzi\.m2\repository\org\cytoscape\equations-impl\3.6.0\equations-impl-3.6.0.jar;C:\Users\marazzi\.m2\repository\cytoscape-temp\parallelcolt\0.9.4\parallelcolt-0.9.4.jar;C:\Users\marazzi\.m2\repository\org\cytoscape\model-impl\3.6.0\model-impl-3.6.0.jar;C:\Users\marazzi\.m2\repository\org\cytoscape\event-api\3.6.0\event-api-3.6.0-tests.jar;C:\Users\marazzi\.m2\repository\org\lappsgrid\pycaller\0.1.1\pycaller-0.1.1.jar;C:\Users\marazzi\.m2\repository\org\spark-project\pyrolite\2.0.1\pyrolite-2.0.1.jar;C:\Users\marazzi\.m2\repository\org\slf4j\slf4j-simple\1.6.4\slf4j-simple-1.6.4.jar;C:\Users\marazzi\.m2\repository\com\googlecode\efficient-java-matrix-library\ejml\0.25\ejml-0.25.jar;"/>
    <property name="sun.cpu.endian" value="little"/>
    <property name="user.home" value="C:\Users\marazzi"/>
    <property name="user.language" value="en"/>
    <property name="java.specification.vendor" value="Oracle Corporation"/>
    <property name="java.home" value="C:\Program Files\Java\jdk1.8.0_144\jre"/>
    <property name="basedir" value="C:\Users\marazzi\Documents\GitHub\OCSANA_Lauren"/>
    <property name="file.separator" value="\"/>
    <property name="line.separator" value="&#10;"/>
    <property name="java.vm.specification.vendor" value="Oracle Corporation"/>
    <property name="java.specification.name" value="Java Platform API Specification"/>
    <property name="java.awt.graphicsenv" value="sun.awt.Win32GraphicsEnvironment"/>
    <property name="surefire.real.class.path" value="C:\Users\marazzi\AppData\Local\Temp\surefire8820642885928877140\surefirebooter4402762638740837863.jar;C:\Users\marazzi\.m2\repository\org\ekstazi\org.ekstazi.core\5.3.0\org.ekstazi.core-5.3.0.jar"/>
    <property name="sun.boot.class.path" value="C:\Program Files\Java\jdk1.8.0_144\jre\lib\resources.jar;C:\Program Files\Java\jdk1.8.0_144\jre\lib\rt.jar;C:\Program Files\Java\jdk1.8.0_144\jre\lib\sunrsasign.jar;C:\Program Files\Java\jdk1.8.0_144\jre\lib\jsse.jar;C:\Program Files\Java\jdk1.8.0_144\jre\lib\jce.jar;C:\Program Files\Java\jdk1.8.0_144\jre\lib\charsets.jar;C:\Program Files\Java\jdk1.8.0_144\jre\lib\jfr.jar;C:\Program Files\Java\jdk1.8.0_144\jre\classes"/>
    <property name="user.script" value=""/>
    <property name="sun.management.compiler" value="HotSpot 64-Bit Tiered Compilers"/>
    <property name="java.runtime.version" value="1.8.0_144-b01"/>
    <property name="user.name" value="marazzi"/>
    <property name="path.separator" value=";"/>
    <property name="os.version" value="10.0"/>
    <property name="java.endorsed.dirs" value="C:\Program Files\Java\jdk1.8.0_144\jre\lib\endorsed"/>
    <property name="java.runtime.name" value="Java(TM) SE Runtime Environment"/>
    <property name="file.encoding" value="Cp1252"/>
    <property name="java.vm.name" value="Java HotSpot(TM) 64-Bit Server VM"/>
    <property name="localRepository" value="C:\Users\marazzi\.m2\repository"/>
    <property name="java.vendor.url.bug" value="http://bugreport.sun.com/bugreport/"/>
    <property name="java.io.tmpdir" value="C:\Users\marazzi\AppData\Local\Temp\"/>
    <property name="java.version" value="1.8.0_144"/>
    <property name="user.dir" value="C:\Users\marazzi\Documents\GitHub\OCSANA_Lauren"/>
    <property name="os.arch" value="amd64"/>
    <property name="java.vm.specification.name" value="Java Virtual Machine Specification"/>
    <property name="java.awt.printerjob" value="sun.awt.windows.WPrinterJob"/>
    <property name="sun.os.patch.level" value=""/>
    <property name="java.library.path" value="C:\Program Files\Java\jdk1.8.0_144\jre\bin;C:\WINDOWS\Sun\Java\bin;C:\WINDOWS\system32;C:\WINDOWS;C:/Program Files/Java/jre1.8.0_161/bin/server;C:/Program Files/Java/jre1.8.0_161/bin;C:/Program Files/Java/jre1.8.0_161/lib/amd64;C:\open-cravat;C:\Program Files\copasi.org\COPASI 4.24.197\bin;C:\ProgramData\Oracle\Java\javapath;C:\Program Files (x86)\Java\jdk1.8.0_131-b11\bin;C:\Program Files (x86)\Aperio\Common;C:\Program Files\Git\cmd;C:\ProgramData\chocolatey\bin;C:\Strawberry\c\bin;C:\Strawberry\perl\site\bin;C:\Strawberry\perl\bin;C:\WINDOWS\system32;C:\WINDOWS;C:\WINDOWS\System32\Wbem;C:\WINDOWS\System32\WindowsPowerShell\v1.0\;C:\WINDOWS\System32\OpenSSH\;C:\Program Files\apache-maven-3.5.4\bin;C:\Users\marazzi\AppData\Local\Continuum\anaconda3;C:\Users\marazzi\AppData\Local\Continuum\anaconda3\Library\mingw-w64\bin;C:\Users\marazzi\AppData\Local\Continuum\anaconda3\Library\usr\bin;C:\Users\marazzi\AppData\Local\Continuum\anaconda3\Library\bin;C:\Users\marazzi\AppData\Local\Continuum\anaconda3\Scripts;C:\Ruby25-x64\bin;C:\Ruby24-x64\bin;C:\Users\marazzi\AppData\Local\Programs\Python\Python36-32;C:\Users\marazzi\AppData\Local\Programs\Python\Python36-32\Lib\site-packages;C:\Program Files\Java\jdk1.8.0_144\bin;C:\Users\marazzi\AppData\Local\Microsoft\WindowsApps;C:\Users\marazzi\AppData\Local\GitHubDesktop\bin;C:\Users\marazzi\AppData\Local\atom\bin;C:\Program Files\apache-maven-3.5.4\bin;C:\Program Files\eclipse;;."/>
    <property name="java.vm.info" value="mixed mode"/>
    <property name="java.vendor" value="Oracle Corporation"/>
    <property name="java.vm.version" value="25.144-b01"/>
    <property name="java.ext.dirs" value="C:\Program Files\Java\jdk1.8.0_144\jre\lib\ext;C:\WINDOWS\Sun\Java\lib\ext"/>
    <property name="sun.io.unicode.encoding" value="UnicodeLittle"/>
    <property name="java.class.version" value="52.0"/>
  </properties>
  <testcase name="smallHypergraphTransversalShouldWork" classname="org.compsysmed.ocsana.internal.algorithms.mhs.BergeAlgorithmTest" time="0.015"/>
  <testcase name="hugeHypergraphCutoffTransversalShouldWork" classname="org.compsysmed.ocsana.internal.algorithms.mhs.BergeAlgorithmTest" time="2.984"/>
</testsuite>